su: ignore --preserve-environment, it's mutually exclusive to --login.
2022-07-04 18:02:49 Reading configuration...
2022-07-04 18:02:49 Determining available clustering methods...
2022-07-04 18:02:49 Reading genes...
2022-07-04 18:02:49 Reading individuals...
2022-07-04 18:02:49 Starting Shiny...

Listening on http://127.0.0.1:42404
2022-07-04 18:02:51 Updating clusters
2022-07-04 18:02:51 Loading clustering: CCA
2022-07-04 18:04:49 Updating genotypes...
Warning: Couldn't set synchronous mode: database is locked
Use `synchronous` = NULL to turn off this warning.
Warning: Error in : database is locked
  126: <Anonymous>
Warning: call dbDisconnect() when finished working with a connection
2022-07-04 18:05:15 Updating genotypes...
Warning: Couldn't set synchronous mode: database is locked
Use `synchronous` = NULL to turn off this warning.
Warning: Error in : database is locked
  126: <Anonymous>
2022-07-04 18:41:02 Reading configuration...
2022-07-04 18:41:02 Determining available clustering methods...
2022-07-04 18:41:02 Reading genes...
2022-07-04 18:41:02 Reading individuals...
2022-07-04 18:41:02 Starting Shiny...
2022-07-04 18:41:04 Updating clusters
2022-07-04 18:41:04 Loading clustering: CCA
2022-07-04 18:41:09 Loaded A1BG gene data file in 0.1 seconds
`summarise()` has grouped output by 'gene'. You can override using the
`.groups` argument.
2022-07-04 18:41:35 Updating genotypes...
2022-07-04 18:41:38 Found 78 genotypes for rsID rs3813188
2022-07-04 18:48:27 Reading configuration...
2022-07-04 18:48:27 Determining available clustering methods...
2022-07-04 18:48:27 Reading genes...
2022-07-04 18:48:27 Reading individuals...
2022-07-04 18:48:28 Starting Shiny...
2022-07-04 18:48:29 Updating clusters
2022-07-04 18:48:29 Loading clustering: CCA
2022-07-04 18:48:31 Loaded A1BG gene data file in 0.1 seconds
`summarise()` has grouped output by 'gene'. You can override using the
`.groups` argument.
2022-07-04 18:49:01 Updating genotypes...
2022-07-04 18:49:01 Found 78 genotypes for rsID rs3813188
`summarise()` has grouped output by 'gene'. You can override using the
`.groups` argument.
